Determining if the pthread_create exist failed with the following output:
Change Dir: /home/mesa/ros_cavedrone/build/CMakeFiles/CMakeTmp

Run Build Command:"/usr/bin/make" "cmTC_316fa/fast"
/usr/bin/make -f CMakeFiles/cmTC_316fa.dir/build.make CMakeFiles/cmTC_316fa.dir/build
make[1]: Entering directory '/home/mesa/ros_cavedrone/build/CMakeFiles/CMakeTmp'
Building C object CMakeFiles/cmTC_316fa.dir/CheckSymbolExists.c.o
/usr/bin/cc     -o CMakeFiles/cmTC_316fa.dir/CheckSymbolExists.c.o   -c /home/mesa/ros_cavedrone/build/CMakeFiles/CMakeTmp/CheckSymbolExists.c
Linking C executable cmTC_316fa
/usr/bin/cmake -E cmake_link_script CMakeFiles/cmTC_316fa.dir/link.txt --verbose=1
/usr/bin/cc       CMakeFiles/cmTC_316fa.dir/CheckSymbolExists.c.o  -o cmTC_316fa -rdynamic 
CMakeFiles/cmTC_316fa.dir/CheckSymbolExists.c.o: In function `main':
CheckSymbolExists.c:(.text+0x16): undefined reference to `pthread_create'
collect2: error: ld returned 1 exit status
CMakeFiles/cmTC_316fa.dir/build.make:97: recipe for target 'cmTC_316fa' failed
make[1]: *** [cmTC_316fa] Error 1
make[1]: Leaving directory '/home/mesa/ros_cavedrone/build/CMakeFiles/CMakeTmp'
Makefile:126: recipe for target 'cmTC_316fa/fast' failed
make: *** [cmTC_316fa/fast] Error 2

File /home/mesa/ros_cavedrone/build/CMakeFiles/CMakeTmp/CheckSymbolExists.c:
/* */
#include <pthread.h>

int main(int argc, char** argv)
{
  (void)argv;
#ifndef pthread_create
  return ((int*)(&pthread_create))[argc];
#else
  (void)argc;
  return 0;
#endif
}

Determining if the function pthread_create exists in the pthreads failed with the following output:
Change Dir: /home/mesa/ros_cavedrone/build/CMakeFiles/CMakeTmp

Run Build Command:"/usr/bin/make" "cmTC_b37b2/fast"
/usr/bin/make -f CMakeFiles/cmTC_b37b2.dir/build.make CMakeFiles/cmTC_b37b2.dir/build
make[1]: Entering directory '/home/mesa/ros_cavedrone/build/CMakeFiles/CMakeTmp'
Building C object CMakeFiles/cmTC_b37b2.dir/CheckFunctionExists.c.o
/usr/bin/cc    -DCHECK_FUNCTION_EXISTS=pthread_create   -o CMakeFiles/cmTC_b37b2.dir/CheckFunctionExists.c.o   -c /usr/share/cmake-3.5/Modules/CheckFunctionExists.c
Linking C executable cmTC_b37b2
/usr/bin/cmake -E cmake_link_script CMakeFiles/cmTC_b37b2.dir/link.txt --verbose=1
/usr/bin/cc   -DCHECK_FUNCTION_EXISTS=pthread_create    CMakeFiles/cmTC_b37b2.dir/CheckFunctionExists.c.o  -o cmTC_b37b2 -rdynamic -lpthreads 
/usr/bin/ld: cannot find -lpthreads
collect2: error: ld returned 1 exit status
CMakeFiles/cmTC_b37b2.dir/build.make:97: recipe for target 'cmTC_b37b2' failed
make[1]: *** [cmTC_b37b2] Error 1
make[1]: Leaving directory '/home/mesa/ros_cavedrone/build/CMakeFiles/CMakeTmp'
Makefile:126: recipe for target 'cmTC_b37b2/fast' failed
make: *** [cmTC_b37b2/fast] Error 2


